Copyright 1986-2022 Xilinx, Inc. All Rights Reserved. Copyright 2022-2025 Advanced Micro Devices, Inc. All Rights Reserved.
---------------------------------------------------------------------------------------------------------------------------------------------------
| Tool Version : Vivado v.2025.2 (lin64) Build 6299465 Fri Nov 14 12:34:56 MST 2025
| Date         : Sat Jul  4 21:41:06 2026
| Host         : H3C running 64-bit Ubuntu 24.04.4 LTS
| Command      : report_utilization -pblocks [get_pblocks pblock_rp] -file /home/test/ehw52_clean/ws_nofb/vivado/dfx/build/impl12_nofb_rp_util.rpt
| Design       : dfx_top
| Device       : xc7z010clg400-1
| Speed File   : -1
| Design State : Routed
---------------------------------------------------------------------------------------------------------------------------------------------------

Utilization Design Information

Table of Contents
-----------------
1. Pblock Summary
2. Clock Region Statistics
3. Slice Logic
3.1 Summary of Registers by Type
4. Slice Logic Distribution
5. Memory
6. DSP
7. IO and GT Specific
8. Clocking
9. Specific Feature
10. Primitives
11. Black Boxes
12. Instantiated Netlists

1. Pblock Summary
-----------------

+-------+-----------+-------+-------------------+-----------------+----------------+
| Index |   Parent  | Child | EXCLUDE_PLACEMENT | CONTAIN_ROUTING | SLR(s) Covered |
+-------+-----------+-------+-------------------+-----------------+----------------+
| 1     | pblock_rp |       |                 1 |               1 |           SLR0 |
+-------+-----------+-------+-------------------+-----------------+----------------+


2. Clock Region Statistics
--------------------------

+-------------+--------------------+
| CLOCKREGION | Pblock Sites in CR |
+-------------+--------------------+
| X1Y0        |            100.00% |
+-------------+--------------------+


3. Slice Logic
--------------

+-------------------------+--------+-------+--------------+------+-------+------------+-----------+-------+
|        Site Type        | Parent | Child | Non-Assigned | Used | Fixed | Prohibited | Available | Util% |
+-------------------------+--------+-------+--------------+------+-------+------------+-----------+-------+
| Slice LUTs              |   3354 |     0 |            0 | 3354 |     0 |          0 |      4400 | 76.23 |
|   LUT as Logic          |   3354 |     0 |            0 | 3354 |     0 |          0 |      4400 | 76.23 |
|   LUT as Memory         |      0 |     0 |            0 |    0 |     0 |          0 |      1400 |  0.00 |
| Slice Registers         |   2237 |     0 |            0 | 2237 |     0 |          0 |      8800 | 25.42 |
|   Register as Flip Flop |   2237 |     0 |            0 | 2237 |     0 |          0 |      8800 | 25.42 |
|   Register as Latch     |      0 |     0 |            0 |    0 |     0 |          0 |      8800 |  0.00 |
| F7 Muxes                |    174 |     0 |            0 |  174 |     0 |          0 |      2200 |  7.91 |
| F8 Muxes                |     21 |     0 |            0 |   21 |     0 |          0 |      1100 |  1.91 |
| Unique Control Sets     |    106 |     0 |            0 |  106 |       |          0 |      1100 |  9.64 |
+-------------------------+--------+-------+--------------+------+-------+------------+-----------+-------+
* Warning! LUT value is adjusted to account for LUT combining.
** Note: Available Control Sets calculated as Slice * 1, Review the Control Sets Report for more information regarding control sets.


3.1 Summary of Registers by Type
--------------------------------

+-------+--------------+-------------+--------------+
| Total | Clock Enable | Synchronous | Asynchronous |
+-------+--------------+-------------+--------------+
| 0     |            _ |           - |            - |
| 0     |            _ |           - |          Set |
| 0     |            _ |           - |        Reset |
| 0     |            _ |         Set |            - |
| 0     |            _ |       Reset |            - |
| 0     |          Yes |           - |            - |
| 0     |          Yes |           - |          Set |
| 2193  |          Yes |           - |        Reset |
| 0     |          Yes |         Set |            - |
| 44    |          Yes |       Reset |            - |
+-------+--------------+-------------+--------------+


4. Slice Logic Distribution
---------------------------

+--------------------------------------------+--------+-------+--------------+------+-------+------------+-----------+-------+
|                  Site Type                 | Parent | Child | Non-Assigned | Used | Fixed | Prohibited | Available | Util% |
+--------------------------------------------+--------+-------+--------------+------+-------+------------+-----------+-------+
| Slice                                      |   1093 |     0 |            0 | 1093 |     0 |          0 |      1100 | 99.36 |
|   SLICEL                                   |    744 |     0 |            0 |  744 |     0 |            |           |       |
|   SLICEM                                   |    349 |     0 |            0 |  349 |     0 |            |           |       |
| LUT as Logic                               |   3354 |     0 |            0 | 3354 |     0 |          0 |      4400 | 76.23 |
|   using O5 output only                     |      0 |     0 |            0 |    0 |       |            |           |       |
|   using O6 output only                     |   2856 |     0 |            0 | 2856 |       |            |           |       |
|   using O5 and O6                          |    498 |     0 |            0 |  498 |       |            |           |       |
| LUT as Memory                              |      0 |     0 |            0 |    0 |     0 |          0 |      1400 |  0.00 |
|   LUT as Distributed RAM                   |      0 |     0 |            0 |    0 |     0 |            |           |       |
|     using O5 output only                   |      0 |     0 |            0 |    0 |       |            |           |       |
|     using O6 output only                   |      0 |     0 |            0 |    0 |       |            |           |       |
|     using O5 and O6                        |      0 |     0 |            0 |    0 |       |            |           |       |
|   LUT as Shift Register                    |      0 |     0 |            0 |    0 |     0 |            |           |       |
|     using O5 output only                   |      0 |     0 |            0 |    0 |       |            |           |       |
|     using O6 output only                   |      0 |     0 |            0 |    0 |       |            |           |       |
|     using O5 and O6                        |      0 |     0 |            0 |    0 |       |            |           |       |
| Slice Registers                            |   2237 |     0 |            0 | 2237 |     0 |          0 |      8800 | 25.42 |
|   Register driven from within the Slice    |   1186 |     0 |            0 | 1186 |       |            |           |       |
|   Register driven from outside the Slice   |   1051 |     0 |            0 | 1051 |       |            |           |       |
|     LUT in front of the register is unused |    348 |     0 |            0 |  348 |       |            |           |       |
|     LUT in front of the register is used   |    703 |     0 |            0 |  703 |       |            |           |       |
+--------------------------------------------+--------+-------+--------------+------+-------+------------+-----------+-------+


5. Memory
---------

+-------------------+--------+-------+--------------+------+-------+------------+-----------+-------+
|     Site Type     | Parent | Child | Non-Assigned | Used | Fixed | Prohibited | Available | Util% |
+-------------------+--------+-------+--------------+------+-------+------------+-----------+-------+
| Block RAM Tile    |    0.5 |     0 |            0 |  0.5 |     0 |          0 |        20 |  2.50 |
|   RAMB36/FIFO*    |      0 |     0 |            0 |    0 |     0 |          0 |        20 |  0.00 |
|   RAMB18          |      1 |     0 |            0 |    1 |     0 |          0 |        40 |  2.50 |
|     RAMB18E1 only |      1 |     0 |            0 |    1 |       |            |           |       |
+-------------------+--------+-------+--------------+------+-------+------------+-----------+-------+
* Note: Each Block RAM Tile only has one FIFO logic available and therefore can accommodate only one FIFO36E1 or one FIFO18E1. However, if a FIFO18E1 occupies a Block RAM Tile, that tile can still accommodate a RAMB18E1


6. DSP
------

+----------------+--------+-------+--------------+------+-------+------------+-----------+-------+
|    Site Type   | Parent | Child | Non-Assigned | Used | Fixed | Prohibited | Available | Util% |
+----------------+--------+-------+--------------+------+-------+------------+-----------+-------+
| DSPs           |     18 |     0 |            0 |   18 |     0 |          0 |        20 | 90.00 |
|   DSP48E1 only |     18 |     0 |            0 |   18 |       |            |           |       |
+----------------+--------+-------+--------------+------+-------+------------+-----------+-------+


7. IO and GT Specific
---------------------

+-----------+--------+-------+--------------+------+-------+------------+-----------+-------+
| Site Type | Parent | Child | Non-Assigned | Used | Fixed | Prohibited | Available | Util% |
+-----------+--------+-------+--------------+------+-------+------------+-----------+-------+


8. Clocking
-----------

+-----------+--------+-------+--------------+------+-------+------------+-----------+-------+
| Site Type | Parent | Child | Non-Assigned | Used | Fixed | Prohibited | Available | Util% |
+-----------+--------+-------+--------------+------+-------+------------+-----------+-------+


9. Specific Feature
-------------------

+-----------+--------+-------+--------------+------+-------+------------+-----------+-------+
| Site Type | Parent | Child | Non-Assigned | Used | Fixed | Prohibited | Available | Util% |
+-----------+--------+-------+--------------+------+-------+------------+-----------+-------+


10. Primitives
--------------

+----------+------+---------------------+
| Ref Name | Used | Functional Category |
+----------+------+---------------------+
| FDCE     | 2193 |        Flop & Latch |
| LUT6     | 1880 |                 LUT |
| LUT5     |  849 |                 LUT |
| LUT3     |  571 |                 LUT |
| LUT2     |  296 |                 LUT |
| CARRY4   |  249 |          CarryLogic |
| LUT4     |  221 |                 LUT |
| MUXF7    |  174 |               MuxFx |
| FDRE     |   44 |        Flop & Latch |
| LUT1     |   35 |                 LUT |
| MUXF8    |   21 |               MuxFx |
| DSP48E1  |   18 |    Block Arithmetic |
| RAMB18E1 |    1 |        Block Memory |
+----------+------+---------------------+


11. Black Boxes
---------------

+----------+------+
| Ref Name | Used |
+----------+------+


12. Instantiated Netlists
-------------------------

+---------------------------+------+
|          Ref Name         | Used |
+---------------------------+------+
| tpu_rp                    |    1 |
| ps_rst_0_0                |    1 |
| ps_ps7_0_0                |    1 |
| ps_axi_ic_0_imp_xbar_0    |    1 |
| ps_axi_ic_0_imp_auto_pc_0 |    1 |
| ps_axi_hwicap_0_0         |    1 |
| ps_axi_gpio_0_0           |    1 |
+---------------------------+------+


